<?xml version="1.0" encoding="UTF-8"?>
<testsuite xmlns:xsi="http://www.w3.org/2001/XMLSchema-instance" xsi:noNamespaceSchemaLocation="https://maven.apache.org/surefire/maven-surefire-plugin/xsd/surefire-test-report.xsd" name="TestSuite" time="335.95" tests="10" errors="0" skipped="0" failures="0">
  <properties>
    <property name="sun.desktop" value="windows"/>
    <property name="awt.toolkit" value="sun.awt.windows.WToolkit"/>
    <property name="file.encoding.pkg" value="sun.io"/>
    <property name="java.specification.version" value="1.8"/>
    <property name="webdriver.chrome.driver" value="C:\Java_Learning\SeleniumwithMaven/src/test/resources/drivers/chromedriver.exe"/>
    <property name="sun.cpu.isalist" value="amd64"/>
    <property name="sun.jnu.encoding" value="Cp1252"/>
    <property name="java.class.path" value="C:\Java_Learning\SeleniumwithMaven\target\test-classes;C:\Java_Learning\SeleniumwithMaven\target\classes;C:\Users\Parthy\.m2\repository\org\seleniumhq\selenium\selenium-java\3.7.1\selenium-java-3.7.1.jar;C:\Users\Parthy\.m2\repository\org\seleniumhq\selenium\selenium-api\3.7.1\selenium-api-3.7.1.jar;C:\Users\Parthy\.m2\repository\org\seleniumhq\selenium\selenium-edge-driver\3.7.1\selenium-edge-driver-3.7.1.jar;C:\Users\Parthy\.m2\repository\org\seleniumhq\selenium\selenium-firefox-driver\3.7.1\selenium-firefox-driver-3.7.1.jar;C:\Users\Parthy\.m2\repository\org\seleniumhq\selenium\selenium-ie-driver\3.7.1\selenium-ie-driver-3.7.1.jar;C:\Users\Parthy\.m2\repository\org\seleniumhq\selenium\selenium-opera-driver\3.7.1\selenium-opera-driver-3.7.1.jar;C:\Users\Parthy\.m2\repository\org\seleniumhq\selenium\selenium-remote-driver\3.7.1\selenium-remote-driver-3.7.1.jar;C:\Users\Parthy\.m2\repository\org\seleniumhq\selenium\selenium-safari-driver\3.7.1\selenium-safari-driver-3.7.1.jar;C:\Users\Parthy\.m2\repository\org\seleniumhq\selenium\selenium-support\3.7.1\selenium-support-3.7.1.jar;C:\Users\Parthy\.m2\repository\net\bytebuddy\byte-buddy\1.7.5\byte-buddy-1.7.5.jar;C:\Users\Parthy\.m2\repository\org\apache\commons\commons-exec\1.3\commons-exec-1.3.jar;C:\Users\Parthy\.m2\repository\commons-codec\commons-codec\1.10\commons-codec-1.10.jar;C:\Users\Parthy\.m2\repository\commons-logging\commons-logging\1.2\commons-logging-1.2.jar;C:\Users\Parthy\.m2\repository\com\google\code\gson\gson\2.8.2\gson-2.8.2.jar;C:\Users\Parthy\.m2\repository\com\google\guava\guava\23.0\guava-23.0.jar;C:\Users\Parthy\.m2\repository\com\google\code\findbugs\jsr305\1.3.9\jsr305-1.3.9.jar;C:\Users\Parthy\.m2\repository\com\google\errorprone\error_prone_annotations\2.0.18\error_prone_annotations-2.0.18.jar;C:\Users\Parthy\.m2\repository\com\google\j2objc\j2objc-annotations\1.1\j2objc-annotations-1.1.jar;C:\Users\Parthy\.m2\repository\org\codehaus\mojo\animal-sniffer-annotations\1.14\animal-sniffer-annotations-1.14.jar;C:\Users\Parthy\.m2\repository\org\apache\httpcomponents\httpclient\4.5.3\httpclient-4.5.3.jar;C:\Users\Parthy\.m2\repository\org\apache\httpcomponents\httpcore\4.4.6\httpcore-4.4.6.jar;C:\Users\Parthy\.m2\repository\org\testng\testng\6.11\testng-6.11.jar;C:\Users\Parthy\.m2\repository\com\beust\jcommander\1.64\jcommander-1.64.jar;C:\Users\Parthy\.m2\repository\org\yaml\snakeyaml\1.17\snakeyaml-1.17.jar;C:\Users\Parthy\.m2\repository\org\apache\poi\poi\3.17\poi-3.17.jar;C:\Users\Parthy\.m2\repository\org\apache\commons\commons-collections4\4.1\commons-collections4-4.1.jar;C:\Users\Parthy\.m2\repository\org\apache\poi\poi-ooxml\3.17\poi-ooxml-3.17.jar;C:\Users\Parthy\.m2\repository\com\github\virtuald\curvesapi\1.04\curvesapi-1.04.jar;C:\Users\Parthy\.m2\repository\org\apache\poi\poi-scratchpad\3.17\poi-scratchpad-3.17.jar;C:\Users\Parthy\.m2\repository\org\apache\poi\poi-ooxml-schemas\3.17\poi-ooxml-schemas-3.17.jar;C:\Users\Parthy\.m2\repository\org\apache\xmlbeans\xmlbeans\2.6.0\xmlbeans-2.6.0.jar;C:\Users\Parthy\.m2\repository\stax\stax-api\1.0.1\stax-api-1.0.1.jar;C:\Users\Parthy\.m2\repository\org\apache\poi\ooxml-schemas\1.3\ooxml-schemas-1.3.jar;C:\Users\Parthy\.m2\repository\org\apache\poi\openxml4j\1.0-beta\openxml4j-1.0-beta.jar;C:\Users\Parthy\.m2\repository\dom4j\dom4j\1.6.1\dom4j-1.6.1.jar;C:\Users\Parthy\.m2\repository\xml-apis\xml-apis\1.0.b2\xml-apis-1.0.b2.jar;C:\Users\Parthy\.m2\repository\log4j\log4j\1.2.8\log4j-1.2.8.jar;C:\Users\Parthy\.m2\repository\com\relevantcodes\extentreports\2.41.2\extentreports-2.41.2.jar;C:\Users\Parthy\.m2\repository\org\jsoup\jsoup\1.8.3\jsoup-1.8.3.jar;C:\Users\Parthy\.m2\repository\org\xerial\sqlite-jdbc\3.8.11.1\sqlite-jdbc-3.8.11.1.jar;C:\Users\Parthy\.m2\repository\org\freemarker\freemarker\2.3.23\freemarker-2.3.23.jar;C:\Users\Parthy\.m2\repository\org\mongodb\mongodb-driver\3.0.4\mongodb-driver-3.0.4.jar;C:\Users\Parthy\.m2\repository\org\mongodb\bson\3.0.4\bson-3.0.4.jar;C:\Users\Parthy\.m2\repository\org\mongodb\mongodb-driver-core\3.0.4\mongodb-driver-core-3.0.4.jar;C:\Users\Parthy\.m2\repository\org\seleniumhq\selenium\selenium-chrome-driver\2.44.0\selenium-chrome-driver-2.44.0.jar;C:\Users\Parthy\.m2\repository\commons-io\commons-io\2.4\commons-io-2.4.jar;C:\Users\Parthy\.m2\repository\org\apache\maven\surefire\surefire-testng-utils\2.20.1\surefire-testng-utils-2.20.1.jar;C:\Users\Parthy\.m2\repository\org\apache\maven\surefire\surefire-grouper\2.20.1\surefire-grouper-2.20.1.jar;"/>
    <property name="java.vm.vendor" value="Oracle Corporation"/>
    <property name="sun.arch.data.model" value="64"/>
    <property name="user.variant" value=""/>
    <property name="java.vendor.url" value="http://java.oracle.com/"/>
    <property name="user.timezone" value=""/>
    <property name="java.vm.specification.version" value="1.8"/>
    <property name="os.name" value="Windows 10"/>
    <property name="user.country" value="US"/>
    <property name="sun.java.launcher" value="SUN_STANDARD"/>
    <property name="sun.boot.library.path" value="C:\Program Files\Java\jdk1.8.0_121\jre\bin"/>
    <property name="sun.java.command" value="C:\Users\Parthy\AppData\Local\Temp\surefire5680430821669833585\surefirebooter1622770702454213046.jar C:\Users\Parthy\AppData\Local\Temp\surefire5680430821669833585 2018-01-05T10-10-56_695-jvmRun1 surefire1854480807071918272tmp surefire_02719303048768344362tmp"/>
    <property name="surefire.test.class.path" value="C:\Java_Learning\SeleniumwithMaven\target\test-classes;C:\Java_Learning\SeleniumwithMaven\target\classes;C:\Users\Parthy\.m2\repository\org\seleniumhq\selenium\selenium-java\3.7.1\selenium-java-3.7.1.jar;C:\Users\Parthy\.m2\repository\org\seleniumhq\selenium\selenium-api\3.7.1\selenium-api-3.7.1.jar;C:\Users\Parthy\.m2\repository\org\seleniumhq\selenium\selenium-edge-driver\3.7.1\selenium-edge-driver-3.7.1.jar;C:\Users\Parthy\.m2\repository\org\seleniumhq\selenium\selenium-firefox-driver\3.7.1\selenium-firefox-driver-3.7.1.jar;C:\Users\Parthy\.m2\repository\org\seleniumhq\selenium\selenium-ie-driver\3.7.1\selenium-ie-driver-3.7.1.jar;C:\Users\Parthy\.m2\repository\org\seleniumhq\selenium\selenium-opera-driver\3.7.1\selenium-opera-driver-3.7.1.jar;C:\Users\Parthy\.m2\repository\org\seleniumhq\selenium\selenium-remote-driver\3.7.1\selenium-remote-driver-3.7.1.jar;C:\Users\Parthy\.m2\repository\org\seleniumhq\selenium\selenium-safari-driver\3.7.1\selenium-safari-driver-3.7.1.jar;C:\Users\Parthy\.m2\repository\org\seleniumhq\selenium\selenium-support\3.7.1\selenium-support-3.7.1.jar;C:\Users\Parthy\.m2\repository\net\bytebuddy\byte-buddy\1.7.5\byte-buddy-1.7.5.jar;C:\Users\Parthy\.m2\repository\org\apache\commons\commons-exec\1.3\commons-exec-1.3.jar;C:\Users\Parthy\.m2\repository\commons-codec\commons-codec\1.10\commons-codec-1.10.jar;C:\Users\Parthy\.m2\repository\commons-logging\commons-logging\1.2\commons-logging-1.2.jar;C:\Users\Parthy\.m2\repository\com\google\code\gson\gson\2.8.2\gson-2.8.2.jar;C:\Users\Parthy\.m2\repository\com\google\guava\guava\23.0\guava-23.0.jar;C:\Users\Parthy\.m2\repository\com\google\code\findbugs\jsr305\1.3.9\jsr305-1.3.9.jar;C:\Users\Parthy\.m2\repository\com\google\errorprone\error_prone_annotations\2.0.18\error_prone_annotations-2.0.18.jar;C:\Users\Parthy\.m2\repository\com\google\j2objc\j2objc-annotations\1.1\j2objc-annotations-1.1.jar;C:\Users\Parthy\.m2\repository\org\codehaus\mojo\animal-sniffer-annotations\1.14\animal-sniffer-annotations-1.14.jar;C:\Users\Parthy\.m2\repository\org\apache\httpcomponents\httpclient\4.5.3\httpclient-4.5.3.jar;C:\Users\Parthy\.m2\repository\org\apache\httpcomponents\httpcore\4.4.6\httpcore-4.4.6.jar;C:\Users\Parthy\.m2\repository\org\testng\testng\6.11\testng-6.11.jar;C:\Users\Parthy\.m2\repository\com\beust\jcommander\1.64\jcommander-1.64.jar;C:\Users\Parthy\.m2\repository\org\yaml\snakeyaml\1.17\snakeyaml-1.17.jar;C:\Users\Parthy\.m2\repository\org\apache\poi\poi\3.17\poi-3.17.jar;C:\Users\Parthy\.m2\repository\org\apache\commons\commons-collections4\4.1\commons-collections4-4.1.jar;C:\Users\Parthy\.m2\repository\org\apache\poi\poi-ooxml\3.17\poi-ooxml-3.17.jar;C:\Users\Parthy\.m2\repository\com\github\virtuald\curvesapi\1.04\curvesapi-1.04.jar;C:\Users\Parthy\.m2\repository\org\apache\poi\poi-scratchpad\3.17\poi-scratchpad-3.17.jar;C:\Users\Parthy\.m2\repository\org\apache\poi\poi-ooxml-schemas\3.17\poi-ooxml-schemas-3.17.jar;C:\Users\Parthy\.m2\repository\org\apache\xmlbeans\xmlbeans\2.6.0\xmlbeans-2.6.0.jar;C:\Users\Parthy\.m2\repository\stax\stax-api\1.0.1\stax-api-1.0.1.jar;C:\Users\Parthy\.m2\repository\org\apache\poi\ooxml-schemas\1.3\ooxml-schemas-1.3.jar;C:\Users\Parthy\.m2\repository\org\apache\poi\openxml4j\1.0-beta\openxml4j-1.0-beta.jar;C:\Users\Parthy\.m2\repository\dom4j\dom4j\1.6.1\dom4j-1.6.1.jar;C:\Users\Parthy\.m2\repository\xml-apis\xml-apis\1.0.b2\xml-apis-1.0.b2.jar;C:\Users\Parthy\.m2\repository\log4j\log4j\1.2.8\log4j-1.2.8.jar;C:\Users\Parthy\.m2\repository\com\relevantcodes\extentreports\2.41.2\extentreports-2.41.2.jar;C:\Users\Parthy\.m2\repository\org\jsoup\jsoup\1.8.3\jsoup-1.8.3.jar;C:\Users\Parthy\.m2\repository\org\xerial\sqlite-jdbc\3.8.11.1\sqlite-jdbc-3.8.11.1.jar;C:\Users\Parthy\.m2\repository\org\freemarker\freemarker\2.3.23\freemarker-2.3.23.jar;C:\Users\Parthy\.m2\repository\org\mongodb\mongodb-driver\3.0.4\mongodb-driver-3.0.4.jar;C:\Users\Parthy\.m2\repository\org\mongodb\bson\3.0.4\bson-3.0.4.jar;C:\Users\Parthy\.m2\repository\org\mongodb\mongodb-driver-core\3.0.4\mongodb-driver-core-3.0.4.jar;C:\Users\Parthy\.m2\repository\org\seleniumhq\selenium\selenium-chrome-driver\2.44.0\selenium-chrome-driver-2.44.0.jar;C:\Users\Parthy\.m2\repository\commons-io\commons-io\2.4\commons-io-2.4.jar;C:\Users\Parthy\.m2\repository\org\apache\maven\surefire\surefire-testng-utils\2.20.1\surefire-testng-utils-2.20.1.jar;C:\Users\Parthy\.m2\repository\org\apache\maven\surefire\surefire-grouper\2.20.1\surefire-grouper-2.20.1.jar;"/>
    <property name="sun.cpu.endian" value="little"/>
    <property name="user.home" value="C:\Users\Parthy"/>
    <property name="user.language" value="en"/>
    <property name="java.specification.vendor" value="Oracle Corporation"/>
    <property name="java.home" value="C:\Program Files\Java\jdk1.8.0_121\jre"/>
    <property name="basedir" value="C:\Java_Learning\SeleniumwithMaven"/>
    <property name="file.separator" value="\"/>
    <property name="webdriver.firefox.driver" value="C:\Java_Learning\SeleniumwithMaven/src/test/resources/drivers/geckodriver.exe"/>
    <property name="line.separator" value="&#10;"/>
    <property name="java.vm.specification.vendor" value="Oracle Corporation"/>
    <property name="java.specification.name" value="Java Platform API Specification"/>
    <property name="java.awt.graphicsenv" value="sun.awt.Win32GraphicsEnvironment"/>
    <property name="surefire.real.class.path" value="C:\Users\Parthy\AppData\Local\Temp\surefire5680430821669833585\surefirebooter1622770702454213046.jar"/>
    <property name="sun.boot.class.path" value="C:\Program Files\Java\jdk1.8.0_121\jre\lib\resources.jar;C:\Program Files\Java\jdk1.8.0_121\jre\lib\rt.jar;C:\Program Files\Java\jdk1.8.0_121\jre\lib\sunrsasign.jar;C:\Program Files\Java\jdk1.8.0_121\jre\lib\jsse.jar;C:\Program Files\Java\jdk1.8.0_121\jre\lib\jce.jar;C:\Program Files\Java\jdk1.8.0_121\jre\lib\charsets.jar;C:\Program Files\Java\jdk1.8.0_121\jre\lib\jfr.jar;C:\Program Files\Java\jdk1.8.0_121\jre\classes"/>
    <property name="user.script" value=""/>
    <property name="sun.management.compiler" value="HotSpot 64-Bit Tiered Compilers"/>
    <property name="java.runtime.version" value="1.8.0_121-b13"/>
    <property name="webdriver.edge.driver" value="C:\Java_Learning\SeleniumwithMaven/src/test/resources/drivers/MicrosoftWebDriver.exe"/>
    <property name="user.name" value="Parthy"/>
    <property name="path.separator" value=";"/>
    <property name="os.version" value="10.0"/>
    <property name="java.endorsed.dirs" value="C:\Program Files\Java\jdk1.8.0_121\jre\lib\endorsed"/>
    <property name="java.runtime.name" value="Java(TM) SE Runtime Environment"/>
    <property name="file.encoding" value="Cp1252"/>
    <property name="java.vm.name" value="Java HotSpot(TM) 64-Bit Server VM"/>
    <property name="localRepository" value="C:\Users\Parthy\.m2\repository"/>
    <property name="java.vendor.url.bug" value="http://bugreport.sun.com/bugreport/"/>
    <property name="java.io.tmpdir" value="C:\Users\Parthy\AppData\Local\Temp\"/>
    <property name="java.version" value="1.8.0_121"/>
    <property name="user.dir" value="C:\Java_Learning\SeleniumwithMaven"/>
    <property name="os.arch" value="amd64"/>
    <property name="java.vm.specification.name" value="Java Virtual Machine Specification"/>
    <property name="java.awt.printerjob" value="sun.awt.windows.WPrinterJob"/>
    <property name="sun.os.patch.level" value=""/>
    <property name="java.library.path" value="C:\Program Files\Java\jdk1.8.0_121\jre\bin;C:\WINDOWS\Sun\Java\bin;C:\WINDOWS\system32;C:\WINDOWS;C:\Users\Parthy\.jenkins\tools\hudson.tasks.Maven_MavenInstallation\TestMaven/bin;C:\Program Files\Java\jdk1.8.0_121/bin;C:\Program Files\Java\jdk1.8.0_121/bin;C:\app\OracleHomeUser2\OracleHomeUser1\product\12.2.0\dbhome_1\bin;C:\app\OracleHomeUser1\product\12.2.0\dbhome_1\bin;C:\ProgramData\Oracle\Java\javapath;C:\Program Files (x86)\Lenovo\FusionEngine;C:\Program Files (x86)\Intel\iCLS Client\;C:\Program Files\Intel\iCLS Client\;C:\WINDOWS\system32;C:\WINDOWS;C:\WINDOWS\System32\Wbem;C:\WINDOWS\System32\WindowsPowerShell\v1.0\;C:\Program Files\Intel\Intel(R) Management Engine Components\DAL;C:\Program Files (x86)\Intel\Intel(R) Management Engine Components\DAL;C:\Program Files\Intel\Intel(R) Management Engine Components\IPT;C:\Program Files (x86)\Intel\Intel(R) Management Engine Components\IPT;C:\Program Files (x86)\Common Files\lenovo\easyplussdk\bin;C:\Program Files (x86)\Skype\Phone\;C:\Program Files\Java\jdk1.8.0_121\bin;C:\Java_Learning\apache-maven-3.5.2\bin;C:\Users\Parthy\AppData\Local\Microsoft\WindowsApps;;."/>
    <property name="java.vm.info" value="mixed mode"/>
    <property name="java.vendor" value="Oracle Corporation"/>
    <property name="java.vm.version" value="25.121-b13"/>
    <property name="java.ext.dirs" value="C:\Program Files\Java\jdk1.8.0_121\jre\lib\ext;C:\WINDOWS\Sun\Java\lib\ext"/>
    <property name="sun.io.unicode.encoding" value="UnicodeLittle"/>
    <property name="java.class.version" value="52.0"/>
  </properties>
  <testcase name="loginPageTitleTest" classname="com.parthy.tests.LoginPageTest" time="0.018"/>
  <testcase name="homePageTitletest" classname="com.parthy.tests.HomePageTest" time="0.018"/>
  <testcase name="verifyContactsLabel" classname="com.parthy.tests.ContactsPageTest" time="3.045"/>
  <testcase name="crmLogotest" classname="com.parthy.tests.LoginPageTest" time="0.168"/>
  <testcase name="verfiyUserNameTest" classname="com.parthy.tests.HomePageTest" time="5.1"/>
  <testcase name="verifyCreateNewContact" classname="com.parthy.tests.ContactsPageTest" time="12.103"/>
  <testcase name="verifyCreateNewContact" classname="com.parthy.tests.ContactsPageTest" time="11.225"/>
  <testcase name="verifyCreateNewContact" classname="com.parthy.tests.ContactsPageTest" time="11.187"/>
  <testcase name="loginTest" classname="com.parthy.tests.LoginPageTest" time="17.662"/>
  <testcase name="verfiyContactsLink" classname="com.parthy.tests.HomePageTest" time="10.177"/>
</testsuite>