<?xml version="1.0" encoding="UTF-8"?>
<!-- Generated by org.testng.reporters.JUnitReportReporter -->
<testsuite skipped="0" hostname="Parthiban" name="com.parthy.tests.LoginPageTest" tests="3" failures="0" timestamp="03 Jan 2018 03:44:11 GMT" time="45.350" errors="0">
  <testcase name="loginPageTitleTest" time="10.535" classname="com.parthy.tests.LoginPageTest"/>
  <testcase name="crmLogotest" time="12.512" classname="com.parthy.tests.LoginPageTest"/>
  <testcase name="loginTest" time="22.303" classname="com.parthy.tests.LoginPageTest"/>
</testsuite> <!-- com.parthy.tests.LoginPageTest -->
