<?xml version="1.0" encoding="UTF-8"?>
<!-- Generated by org.testng.reporters.JUnitReportReporter -->
<testsuite skipped="0" hostname="Parthiban" name="com.parthy.tests.DealPageTest" tests="2" failures="0" timestamp="01 Jan 2018 09:45:18 GMT" time="73.336" errors="0">
  <testcase name="verifyCreateNewDeals" time="36.872" classname="com.parthy.tests.DealPageTest"/>
  <testcase name="verifyCreateNewDeals" time="36.464" classname="com.parthy.tests.DealPageTest"/>
</testsuite> <!-- com.parthy.tests.DealPageTest -->
