<?xml version="1.0" encoding="UTF-8"?>
<!-- Generated by org.testng.reporters.JUnitReportReporter -->
<testsuite skipped="0" hostname="Parthiban" name="com.parthy.tests.HomePageTest" tests="3" failures="0" timestamp="05 Jan 2018 04:46:32 GMT" time="100.356" errors="0">
  <testcase name="homePageTitletest" time="26.685" classname="com.parthy.tests.HomePageTest"/>
  <testcase name="verfiyUserNameTest" time="32.917" classname="com.parthy.tests.HomePageTest"/>
  <testcase name="verfiyContactsLink" time="40.754" classname="com.parthy.tests.HomePageTest"/>
</testsuite> <!-- com.parthy.tests.HomePageTest -->
