<?xml version="1.0" encoding="UTF-8"?>
<!-- Generated by org.testng.reporters.JUnitReportReporter -->
<testsuite skipped="0" hostname="Parthiban" name="com.parthy.tests.ContactsPageTest" tests="4" failures="0" timestamp="05 Jan 2018 04:46:32 GMT" time="184.347" errors="0">
  <testcase name="verifyContactsLabel" time="38.163" classname="com.parthy.tests.ContactsPageTest"/>
  <testcase name="verifyCreateNewContact" time="47.903" classname="com.parthy.tests.ContactsPageTest"/>
  <testcase name="verifyCreateNewContact" time="51.126" classname="com.parthy.tests.ContactsPageTest"/>
  <testcase name="verifyCreateNewContact" time="47.155" classname="com.parthy.tests.ContactsPageTest"/>
</testsuite> <!-- com.parthy.tests.ContactsPageTest -->
