<?xml version="1.0" encoding="UTF-8"?>
<!-- Generated by org.testng.reporters.JUnitReportReporter -->
<testsuite skipped="0" hostname="Parthiban" name="com.parthy.tests.LoginPageTest" tests="3" failures="0" timestamp="05 Jan 2018 04:46:32 GMT" time="48.911" errors="0">
  <testcase name="loginPageTitleTest" time="9.934" classname="com.parthy.tests.LoginPageTest"/>
  <testcase name="crmLogotest" time="10.327" classname="com.parthy.tests.LoginPageTest"/>
  <testcase name="loginTest" time="28.650" classname="com.parthy.tests.LoginPageTest"/>
</testsuite> <!-- com.parthy.tests.LoginPageTest -->
